c:\users\alisher\downloads\101510053_exe\gogame\gogame\debug\gogame.pch
c:\users\alisher\downloads\101510053_exe\gogame\gogame\debug\vc143.pdb
c:\users\alisher\downloads\101510053_exe\gogame\gogame\debug\stdafx.obj
c:\users\alisher\downloads\101510053_exe\gogame\gogame\debug\player.obj
c:\users\alisher\downloads\101510053_exe\gogame\gogame\debug\gogame.obj
c:\users\alisher\downloads\101510053_exe\gogame\gogame\debug\formstart.obj
c:\users\alisher\downloads\101510053_exe\gogame\gogame\debug\formfinish.obj
c:\users\alisher\downloads\101510053_exe\gogame\gogame\debug\board.obj
c:\users\alisher\downloads\101510053_exe\gogame\gogame\debug\assemblyinfo.obj
c:\users\alisher\downloads\101510053_exe\gogame\gogame\debug\.netframework,version=v4.7.2.assemblyattributes.obj
c:\users\alisher\downloads\101510053_exe\gogame\debug\gogame.exe
c:\users\alisher\downloads\101510053_exe\gogame\debug\gogame.pdb
c:\users\alisher\downloads\101510053_exe\gogame\gogame\debug\app.res
c:\users\alisher\downloads\101510053_exe\gogame\gogame\debug\gogame.tlog\cl.command.1.tlog
c:\users\alisher\downloads\101510053_exe\gogame\gogame\debug\gogame.tlog\cl.read.1.tlog
c:\users\alisher\downloads\101510053_exe\gogame\gogame\debug\gogame.tlog\cl.write.1.tlog
c:\users\alisher\downloads\101510053_exe\gogame\gogame\debug\gogame.tlog\link.command.1.tlog
c:\users\alisher\downloads\101510053_exe\gogame\gogame\debug\gogame.tlog\link.read.1.tlog
c:\users\alisher\downloads\101510053_exe\gogame\gogame\debug\gogame.tlog\link.write.1.tlog
c:\users\alisher\downloads\101510053_exe\gogame\gogame\debug\gogame.tlog\metagen.read.1.tlog
c:\users\alisher\downloads\101510053_exe\gogame\gogame\debug\gogame.tlog\metagen.write.1.tlog
c:\users\alisher\downloads\101510053_exe\gogame\gogame\debug\gogame.tlog\rc.command.1.tlog
c:\users\alisher\downloads\101510053_exe\gogame\gogame\debug\gogame.tlog\rc.read.1.tlog
c:\users\alisher\downloads\101510053_exe\gogame\gogame\debug\gogame.tlog\rc.write.1.tlog
c:\users\alisher\downloads\101510053_exe\gogame\gogame\debug\gogame.tlog\resgen.command.1.tlog
c:\users\alisher\downloads\101510053_exe\gogame\gogame\debug\gogame.tlog\resgen.read.1.tlog
c:\users\alisher\downloads\101510053_exe\gogame\gogame\debug\gogame.tlog\resgen.write.1.tlog
